E:\work_layne\vs proj\QCC30xx_tool\QCC30xx_tool\Release\cl.command.1.tlog
E:\work_layne\vs proj\QCC30xx_tool\QCC30xx_tool\Release\CL.read.1.tlog
E:\work_layne\vs proj\QCC30xx_tool\QCC30xx_tool\Release\CL.write.1.tlog
E:\work_layne\vs proj\QCC30xx_tool\QCC30xx_tool\Release\link.command.1.tlog
E:\work_layne\vs proj\QCC30xx_tool\QCC30xx_tool\Release\link.read.1.tlog
E:\work_layne\vs proj\QCC30xx_tool\QCC30xx_tool\Release\link.write.1.tlog
E:\work_layne\vs proj\QCC30xx_tool\QCC30xx_tool\Release\link-cvtres.read.1.tlog
E:\work_layne\vs proj\QCC30xx_tool\QCC30xx_tool\Release\link-cvtres.write.1.tlog
E:\work_layne\vs proj\QCC30xx_tool\QCC30xx_tool\Release\mt.command.1.tlog
E:\work_layne\vs proj\QCC30xx_tool\QCC30xx_tool\Release\mt.read.1.tlog
E:\work_layne\vs proj\QCC30xx_tool\QCC30xx_tool\Release\mt.write.1.tlog
E:\WORK_LAYNE\VS PROJ\QCC30XX_TOOL\QCC30XX_TOOL\RELEASE\PORTCHOICE.OBJ
E:\WORK_LAYNE\VS PROJ\QCC30XX_TOOL\QCC30XX_TOOL\RELEASE\QCC30XX_TOOL.EXE.INTERMEDIATE.MANIFEST
E:\WORK_LAYNE\VS PROJ\QCC30XX_TOOL\QCC30XX_TOOL\RELEASE\QCC30XX_TOOL.OBJ
E:\WORK_LAYNE\VS PROJ\QCC30XX_TOOL\QCC30XX_TOOL\RELEASE\QCC30XX_TOOL.PCH
E:\WORK_LAYNE\VS PROJ\QCC30XX_TOOL\QCC30XX_TOOL\RELEASE\QCC30XX_TOOL.RES
E:\work_layne\vs proj\QCC30xx_tool\QCC30xx_tool\Release\QCC30xx_tool.write.1.tlog
E:\WORK_LAYNE\VS PROJ\QCC30XX_TOOL\QCC30XX_TOOL\RELEASE\QCC30XX_TOOLDLG.OBJ
E:\work_layne\vs proj\QCC30xx_tool\QCC30xx_tool\Release\rc.command.1.tlog
E:\work_layne\vs proj\QCC30xx_tool\QCC30xx_tool\Release\rc.read.1.tlog
E:\work_layne\vs proj\QCC30xx_tool\QCC30xx_tool\Release\rc.write.1.tlog
E:\WORK_LAYNE\VS PROJ\QCC30XX_TOOL\QCC30XX_TOOL\RELEASE\STDAFX.OBJ
E:\WORK_LAYNE\VS PROJ\QCC30XX_TOOL\QCC30XX_TOOL\RELEASE\VC100.PDB
E:\WORK_LAYNE\VS PROJ\QCC30XX_TOOL\RELEASE\QCC30XX_TOOL.EXE
E:\WORK_LAYNE\VS PROJ\QCC30XX_TOOL\RELEASE\QCC30XX_TOOL.PDB
