E:\WORK_LAYNE\VS PROJ\QCC30XX_TOOL\DEBUG\QCC30XX_TOOL.EXE
E:\WORK_LAYNE\VS PROJ\QCC30XX_TOOL\DEBUG\QCC30XX_TOOL.ILK
E:\WORK_LAYNE\VS PROJ\QCC30XX_TOOL\DEBUG\QCC30XX_TOOL.PDB
E:\work_layne\vs proj\QCC30xx_tool\QCC30xx_tool\Debug\cl.command.1.tlog
E:\work_layne\vs proj\QCC30xx_tool\QCC30xx_tool\Debug\CL.read.1.tlog
E:\work_layne\vs proj\QCC30xx_tool\QCC30xx_tool\Debug\CL.write.1.tlog
E:\work_layne\vs proj\QCC30xx_tool\QCC30xx_tool\Debug\link.command.1.tlog
E:\work_layne\vs proj\QCC30xx_tool\QCC30xx_tool\Debug\link.read.1.tlog
E:\work_layne\vs proj\QCC30xx_tool\QCC30xx_tool\Debug\link.write.1.tlog
E:\work_layne\vs proj\QCC30xx_tool\QCC30xx_tool\Debug\link-cvtres.read.1.tlog
E:\work_layne\vs proj\QCC30xx_tool\QCC30xx_tool\Debug\link-cvtres.write.1.tlog
E:\work_layne\vs proj\QCC30xx_tool\QCC30xx_tool\Debug\mt.command.1.tlog
E:\work_layne\vs proj\QCC30xx_tool\QCC30xx_tool\Debug\mt.read.1.tlog
E:\work_layne\vs proj\QCC30xx_tool\QCC30xx_tool\Debug\mt.write.1.tlog
E:\WORK_LAYNE\VS PROJ\QCC30XX_TOOL\QCC30XX_TOOL\DEBUG\PORTCHOICE.OBJ
E:\WORK_LAYNE\VS PROJ\QCC30XX_TOOL\QCC30XX_TOOL\DEBUG\QCC30XX_TOOL.EXE.EMBED.MANIFEST
E:\WORK_LAYNE\VS PROJ\QCC30XX_TOOL\QCC30XX_TOOL\DEBUG\QCC30XX_TOOL.EXE.EMBED.MANIFEST.RES
E:\WORK_LAYNE\VS PROJ\QCC30XX_TOOL\QCC30XX_TOOL\DEBUG\QCC30XX_TOOL.EXE.INTERMEDIATE.MANIFEST
E:\WORK_LAYNE\VS PROJ\QCC30XX_TOOL\QCC30XX_TOOL\DEBUG\QCC30XX_TOOL.OBJ
E:\WORK_LAYNE\VS PROJ\QCC30XX_TOOL\QCC30XX_TOOL\DEBUG\QCC30XX_TOOL.PCH
E:\WORK_LAYNE\VS PROJ\QCC30XX_TOOL\QCC30XX_TOOL\DEBUG\QCC30XX_TOOL.RES
E:\work_layne\vs proj\QCC30xx_tool\QCC30xx_tool\Debug\QCC30xx_tool.vcxprojResolveAssemblyReference.cache
E:\work_layne\vs proj\QCC30xx_tool\QCC30xx_tool\Debug\QCC30xx_tool.write.1.tlog
E:\work_layne\vs proj\QCC30xx_tool\QCC30xx_tool\Debug\QCC30xx_tool_manifest.rc
E:\WORK_LAYNE\VS PROJ\QCC30XX_TOOL\QCC30XX_TOOL\DEBUG\QCC30XX_TOOLDLG.OBJ
E:\work_layne\vs proj\QCC30xx_tool\QCC30xx_tool\Debug\rc.command.1.tlog
E:\work_layne\vs proj\QCC30xx_tool\QCC30xx_tool\Debug\rc.read.1.tlog
E:\work_layne\vs proj\QCC30xx_tool\QCC30xx_tool\Debug\rc.write.1.tlog
E:\WORK_LAYNE\VS PROJ\QCC30XX_TOOL\QCC30XX_TOOL\DEBUG\STDAFX.OBJ
E:\work_layne\vs proj\QCC30xx_tool\QCC30xx_tool\Debug\vc100.idb
E:\WORK_LAYNE\VS PROJ\QCC30XX_TOOL\QCC30XX_TOOL\DEBUG\VC100.PDB
